actionid: py27
msg: installpkg
cmdargs: [local('/Users/chrislombaard/Documents/chrisecho/.tox/py27/bin/pip'), 'install', '/Users/chrislombaard/Documents/chrisecho/.tox/dist/chrisecho-1.0.zip']
env: {'PROJECT_HOME': '/Users/chrislombaard/Devel', 'VERSIONER_PYTHON_PREFER_32_BIT': 'no', 'LC_CTYPE': 'UTF-8', 'TERM_PROGRAM_VERSION': '361', 'LOGNAME': 'chrislombaard', 'USER': 'chrislombaard', 'HOME': '/Users/chrislombaard', 'PATH': '/Users/chrislombaard/Documents/chrisecho/.tox/py27/bin:/Users/chrislombaard/Documents/chrisecho/ve/bin:/Library/Frameworks/Python.framework/Versions/3.5/bin:/Library/Frameworks/Python.framework/Versions/3.4/bin:/Library/Frameworks/Python.framework/Versions/3.4/bin:/usr/local/bin:/usr/bin:/bin:/usr/sbin:/sbin:/Library/TeX/texbin:/Users/chrislombaard/Library/Android/sdk/tools:/Users/chrislombaard/Library/Android/sdk/platform-to$', 'VIRTUALENVWRAPPER_SCRIPT': '/usr/local/bin/virtualenvwrapper.sh', 'TERM_PROGRAM': 'Apple_Terminal', 'TERM': 'xterm-256color', 'SHELL': '/bin/bash', 'VERSIONER_PYTHON_VERSION': '2.7', 'SHLVL': '1', 'XPC_FLAGS': '0x0', 'PYTHONHASHSEED': '4121187602', 'TMPDIR': '/var/folders/rb/h5y2dtms51d36hsv184gp_v40000gn/T/', 'WORKON_HOME': '/Users/chrislombaard/.virtualenvs', 'TERM_SESSION_ID': 'FD2872B7-E238-4992-86CE-76EA73B748CD', 'XPC_SERVICE_NAME': '0', 'SSH_AUTH_SOCK': '/private/tmp/com.apple.launchd.B40tnAQc5g/Listeners', 'VIRTUAL_ENV': '/Users/chrislombaard/Documents/chrisecho/.tox/py27', 'Apple_PubSub_Socket_Render': '/private/tmp/com.apple.launchd.Nl9g1S1j5s/Render', 'PS1': '(ve) \\W $', '_': '/Users/chrislombaard/Documents/chrisecho/ve/bin/tox', 'VIRTUALENVWRAPPER_HOOK_DIR': '/Users/chrislombaard/.virtualenvs', 'VIRTUALENVWRAPPER_PROJECT_FILENAME': '.project', 'AUTOJUMP_SOURCED': '1', 'OLDPWD': '/Users/chrislombaard/Documents/chrisecho/ve', '__CF_USER_TEXT_ENCODING': '0x1F5:0x0:0x0', 'PWD': '/Users/chrislombaard/Documents/chrisecho', 'AUTOJUMP_ERROR_PATH': '/Users/chrislombaard/Library/autojump/errors.log', 'VIRTUALENVWRAPPER_WORKON_CD': '1'}

Processing ./.tox/dist/chrisecho-1.0.zip
Collecting tox (from chrisecho==1.0)
  Using cached tox-2.3.1-py2.py3-none-any.whl
Collecting pluggy<0.4.0,>=0.3.0 (from tox->chrisecho==1.0)
  Using cached pluggy-0.3.1-py2.py3-none-any.whl
Collecting virtualenv>=1.11.2 (from tox->chrisecho==1.0)
  Using cached virtualenv-15.0.1-py2.py3-none-any.whl
Collecting py>=1.4.17 (from tox->chrisecho==1.0)
  Using cached py-1.4.31-py2.py3-none-any.whl
Building wheels for collected packages: chrisecho
  Running setup.py bdist_wheel for chrisecho: started
  Running setup.py bdist_wheel for chrisecho: finished with status 'done'
  Stored in directory: /Users/chrislombaard/Library/Caches/pip/wheels/ce/49/2d/3fa8ccf2e1e756ae1fbdd30994411b3c260385c12cd90d9481
Successfully built chrisecho
Installing collected packages: pluggy, virtualenv, py, tox, chrisecho
Successfully installed chrisecho-1.0 pluggy-0.3.1 py-1.4.31 tox-2.3.1 virtualenv-15.0.1
